Arguments: 
  C:\Program Files\nodejs\node.exe C:\Program Files (x86)\Yarn\bin\yarn.js install --file-check

PATH: 
  C:\Users\CEDRICK\AppData\Roaming\npm;C:\Program Files\nodejs\;C:\ProgramData\Oracle\Java\javapath;C:\Windows\system32;C:\Windows;C:\Windows\System32\Wbem;C:\Windows\System32\WindowsPowerShell\v1.0\;C:\Program Files\Microsoft SQL Server\110\Tools\Binn\;C:\Program Files\Microsoft SQL Server\120\Tools\Binn\;C:\Program Files\Git\cmd;C:\ffmpeg\bin;C:\Users\CEDRICK\AppData\Local\Android\android-sdk;C:\Users\CEDRICK\AppData\Local\Android\android-sdk\platform-tools;C:\apache-ant-1.9.7\bin;C:\Users\CEDRICK\AppData\Local\Android\android-sdk\tools;C:\Users\CEDRICK\AppData\Roaming\nvm;C:\Program Files\nodejs;C:\Program Files\nodejs\;C:\Program Files (x86)\Brackets\command;C:\wamp\bin\php\php5.6.31;C:\composer;C:\Program Files\MongoDB\Server\3.4\bin;C:\wamp\bin\php\php7.1.16;C:\Program Files (x86)\Yarn\bin\;C:\Program Files (x86)\Java\jre7\bin;C:\Users\CEDRICK\AppData\Roaming\nvm;C:\Program Files\nodejs;C:\Users\CEDRICK\AppData\Roaming\npm;C:\Program Files\GPAC;C:\Program Files\GPAC;C:\Program Files\GPAC;C:\Program Files\CMake\bin;C:\Users\CEDRICK\AppData\Roaming\Composer\vendor\bin;C:\Users\CEDRICK\AppData\Local\atom\bin;C:\Users\CEDRICK\AppData\Local\Yarn\bin

Yarn version: 
  1.9.4

Node version: 
  8.11.3

Platform: 
  win32 x64

Trace: 
  Error: connect ETIMEDOUT 104.16.27.35:443
      at Object._errnoException (util.js:992:11)
      at _exceptionWithHostPort (util.js:1014:20)
      at TCPConnectWrap.afterConnect [as oncomplete] (net.js:1186:14)

npm manifest: 
  {
    "name": "app",
    "version": "1.0.0",
    "description": "opinion module",
    "main": "index.js",
    "scripts": {
      "test": "echo \"Error: no test specified\" && exit 1",
      "build:langs": "babel app/scripts/translate.js | node",
      "build": "node --max_old_space_size=8192 node_modules/.bin/webpack"
    },
    "author": "Cedrick Ngeja",
    "license": "ISC",
    "devDependencies": {
      "babel-cli": "^6.26.0",
      "babel-core": "^6.26.3",
      "babel-eslint": "^8.2.6",
      "babel-loader": "^7.1.5",
      "babel-plugin-dynamic-import-node": "^2.0.0",
      "babel-plugin-dynamic-import-webpack": "^1.0.2",
      "babel-plugin-react-intl": "^2.4.0",
      "babel-plugin-remove-webpack": "^1.1.0",
      "babel-plugin-syntax-dynamic-import": "^6.18.0",
      "babel-plugin-transform-async-to-generator": "^6.24.1",
      "babel-plugin-transform-class-properties": "^6.24.1",
      "babel-plugin-transform-decorators-legacy": "^1.3.5",
      "babel-plugin-transform-es2015-block-scoping": "^6.26.0",
      "babel-plugin-transform-es2015-destructuring": "^6.23.0",
      "babel-plugin-transform-object-rest-spread": "^6.26.0",
      "babel-plugin-transform-regenerator": "^6.26.0",
      "babel-polyfill": "^6.26.0",
      "babel-preset-es2015": "^6.24.1",
      "babel-preset-react": "^6.24.1",
      "babel-preset-react-hmre": "^1.1.1",
      "babel-preset-stage-0": "^6.24.1",
      "babel-preset-stage-2": "^6.24.1",
      "bootstrap-loader": "^3.0.1",
      "bootstrap-sass": "^3.3.7",
      "clean-webpack-plugin": "^0.1.19",
      "css-loader": "^1.0.0",
      "extract-text-webpack-plugin": "^4.0.0-beta.0",
      "file-loader": "^2.0.0",
      "node-sass": "^4.9.3",
      "postcss-import": "^12.0.0",
      "postcss-loader": "^3.0.0",
      "raw-loader": "^0.5.1",
      "sass-loader": "^7.1.0",
      "style-loader": "^0.22.1",
      "url-loader": "^1.1.1",
      "webpack": "^4.11.1",
      "webpack-cli": "^3.0.3",
      "webpack-dev-middleware": "^3.2.0",
      "webpack-dev-server": "^3.1.6",
      "webpack-hot-middleware": "^2.22.3"
    },
    "dependencies": {
      "@types/googlemaps": "^3.30.8",
      "@types/markerclustererplus": "^2.1.33",
      "@types/react": "^16.3.5",
      "all-the-cities": "^2.0.1",
      "axios": "^0.18.0",
      "babel-plugin-import-inspector": "^2.0.0",
      "babel-plugin-transform-es2015-constants": "^6.1.4",
      "chart.js": "^2.7.1",
      "child_process": "^1.0.2",
      "cities-list": "^1.0.3",
      "countries-list": "^2.3.1",
      "create-react-class": "^15.6.3",
      "css-animation": "^1.4.1",
      "dashjs": "^2.6.5",
      "draft-js": "^0.10.5",
      "draft-js-alignment-plugin": "^2.0.1",
      "draft-js-counter-plugin": "^2.0.1",
      "draft-js-emoji-plugin": "^2.0.1",
      "draft-js-focus-plugin": "^2.0.1",
      "draft-js-hashtag-plugin": "^2.0.1",
      "draft-js-image-plugin": "^2.0.1",
      "draft-js-inline-toolbar-plugin": "^2.0.1",
      "draft-js-linkify-plugin": "^2.0.1",
      "draft-js-mention-plugin": "^2.0.1",
      "draft-js-plugins-editor": "^2.0.4",
      "draft-js-sticker-plugin": "^2.0.1",
      "draft-js-undo-plugin": "^2.0.1",
      "elasticsearch": "^14.0.0",
      "emoji-shortnames": "^3.1.2",
      "emojify.js": "^1.1.0",
      "emojione-picker": "^2.2.1",
      "emojionearea": "^3.4.1",
      "emoticons": "^0.1.8",
      "extract-css-chunks-webpack-plugin": "^2.0.18",
      "faye": "^1.2.4",
      "ffmpeg": "0.0.4",
      "field-selection": "^0.2.2",
      "find-up": "^2.1.0",
      "fine-uploader": "^5.16.2",
      "fine-uploader-wrappers": "^1.0.1",
      "firebase": "^4.12.0",
      "fluent-ffmpeg": "^2.1.2",
      "fs": "0.0.2",
      "fs-extra": "^6.0.1",
      "getstream": "^3.17.0",
      "glob": "^7.1.2",
      "he": "^1.1.1",
      "highcharts": "^6.0.3",
      "history": "^4.7.2",
      "http-server": "^0.10.0",
      "humps": "^2.0.1",
      "ignore-loader": "^0.1.2",
      "immutability-helper": "^2.6.6",
      "immutable": "^3.8.2",
      "import-inspector": "^2.0.0",
      "in-array": "^0.1.2",
      "intl": "^1.2.5",
      "jquery": "^3.2.1",
      "js-yaml": "^3.12.0",
      "jsdom": "^11.11.0",
      "jwt-decode": "^2.2.0",
      "localforage": "^1.5.6",
      "mkdirp": "^0.5.1",
      "moment": "^2.21.0",
      "normalizr": "^3.2.4",
      "nprogress": "^0.2.0",
      "path": "^0.12.7",
      "path-to-regexp": "^2.2.1",
      "prepend-file": "^1.3.1",
      "prop-types": "^15.6.2",
      "punycode": "^2.1.1",
      "querystring": "^0.2.0",
      "rc-menu": "^6.2.6",
      "react": "^16.0.0",
      "react-bootstrap": "^0.32.1",
      "react-contenteditable": "^2.0.5",
      "react-country-region-selector": "^1.3.0",
      "react-cropper": "^1.0.1",
      "react-custom-scrollbars": "^4.2.1",
      "react-document-title": "^2.0.3",
      "react-dom": "^16.0.1",
      "react-dom-factories": "^1.0.2",
      "react-dropdown": "^1.3.6",
      "react-emojione": "^5.0.0",
      "react-fine-uploader": "^1.1.1",
      "react-google-maps": "^9.4.5",
      "react-google-maps-loader": "^4.2.0",
      "react-google-places-suggest": "^3.4.0",
      "react-helmet": "^5.2.0",
      "react-image-crop": "^3.0.10",
      "react-infinite-scroller": "^1.1.3",
      "react-intl": "^2.4.0",
      "react-jsonschema-form": "^1.0.0",
      "react-loadable": "^5.5.0",
      "react-modal": "^3.1.11",
      "react-motion": "^0.5.2",
      "react-on-rails": "^10.1.1",
      "react-onclickoutside": "^6.7.1",
      "react-pdf": "^3.0.2",
      "react-phone-number-input": "^2.2.1",
      "react-redux": "^4.0.1",
      "react-redux-toastr": "^7.2.0",
      "react-router": "^4.3.1",
      "react-router-bootstrap": "^0.24.4",
      "react-router-dom": "^4.1.1",
      "react-router-hash-link": "^1.1.1",
      "react-router-modal": "^1.3.2",
      "react-router-redux": "^5.0.0-alpha.9",
      "react-scrollbar": "^0.5.1",
      "react-scrollchor": "^4.2.1",
      "react-select": "^1.2.1",
      "react-selectize": "^3.0.1",
      "react-sticky": "6.0.3",
      "react-stickynode": "^1.4.1",
      "react-toggle": "^4.0.2",
      "react-transition-group": "^2.2.1",
      "react-universal-component": "^2.8.1",
      "react-virtualized": "^9.19.0",
      "react-virtualized-select": "^3.1.3",
      "recompose": "^0.27.0",
      "redux-auth-wrapper": "^2.0.2",
      "redux-axios-middleware": "^4.0.0",
      "redux-dynamic-middlewares": "^0.4.0",
      "redux-form": "^7.2.1",
      "redux-offline": "^2.0.0",
      "redux-persist": "^5.5.0",
      "redux-persist-cookie-storage": "^1.0.0",
      "redux-router": "^2.1.2",
      "redux-saga": "^0.16.0",
      "redux-thunk": "^2.3.0",
      "request-interval": "^2.0.0",
      "reselect": "^3.0.1",
      "resolve-url-loader": "^2.2.0",
      "sequencejs": "^2.0.0",
      "socket.io": "^2.1.1",
      "socket.io-redis": "^5.2.0",
      "stream-analytics": "^2.7.1",
      "tracking": "^1.1.3",
      "unique-string": "^1.0.0",
      "util": "^0.11.0",
      "validator": "^10.7.0",
      "video.js": "^6.6.0",
      "videojs-contrib-dash": "^2.10.0",
      "webpack-flush-chunks": "^2.0.1",
      "why-did-you-update": "^0.1.1",
      "zxcvbn": "^4.4.2"
    }
  }

yarn manifest: 
  No manifest

Lockfile: 
  No lockfile
